<?xml version="1.0" encoding="UTF-8"?>
<coverage generated="1707047812334" clover="3.2.0">
  <project timestamp="1707047812334" name="All files">
    <metrics statements="23" coveredstatements="23" conditionals="3" coveredconditionals="3" methods="10" coveredmethods="10" elements="36" coveredelements="36" complexity="0" loc="23" ncloc="23" packages="3" files="3" classes="3"/>
    <package name="src">
      <metrics statements="1" coveredstatements="1" conditionals="0" coveredconditionals="0" methods="1" coveredmethods="1"/>
      <file name="App.js" path="/home/developer/Documents/NewFolder/react-assignment/src/App.js">
        <metrics statements="1" coveredstatements="1" conditionals="0" coveredconditionals="0" methods="1" coveredmethods="1"/>
        <line num="7" count="1" type="stmt"/>
      </file>
    </package>
    <package name="src.components">
      <metrics statements="17" coveredstatements="17" conditionals="0" coveredconditionals="0" methods="8" coveredmethods="8"/>
      <file name="ProductForm.js" path="/home/developer/Documents/NewFolder/react-assignment/src/components/ProductForm.js">
        <metrics statements="17" coveredstatements="17" conditionals="0" coveredconditionals="0" methods="8" coveredmethods="8"/>
        <line num="6" count="3" type="stmt"/>
        <line num="7" count="3" type="stmt"/>
        <line num="12" count="3" type="stmt"/>
        <line num="13" count="1" type="stmt"/>
        <line num="16" count="3" type="stmt"/>
        <line num="17" count="1" type="stmt"/>
        <line num="18" count="1" type="stmt"/>
        <line num="19" count="1" type="stmt"/>
        <line num="20" count="1" type="stmt"/>
        <line num="24" count="5" type="stmt"/>
        <line num="25" count="5" type="stmt"/>
        <line num="27" count="5" type="stmt"/>
        <line num="45" count="2" type="stmt"/>
        <line num="59" count="3" type="stmt"/>
        <line num="63" count="3" type="stmt"/>
        <line num="64" count="1" type="stmt"/>
        <line num="69" count="3" type="stmt"/>
      </file>
    </package>
    <package name="src.redux.reducer">
      <metrics statements="5" coveredstatements="5" conditionals="3" coveredconditionals="3" methods="1" coveredmethods="1"/>
      <file name="products.js" path="/home/developer/Documents/NewFolder/react-assignment/src/redux/reducer/products.js">
        <metrics statements="5" coveredstatements="5" conditionals="3" coveredconditionals="3" methods="1" coveredmethods="1"/>
        <line num="1" count="3" type="stmt"/>
        <line num="5" count="3" type="cond" truecount="1" falsecount="0"/>
        <line num="6" count="9" type="cond" truecount="2" falsecount="0"/>
        <line num="8" count="1" type="stmt"/>
        <line num="13" count="8" type="stmt"/>
      </file>
    </package>
  </project>
</coverage>
