{"/home/developer/Documents/NewFolder/react-assignment/src/App.js": {"path":"/home/developer/Documents/NewFolder/react-assignment/src/App.js","statementMap":{"0":{"start":{"line":7,"column":2},"end":{"line":14,"column":4}}},"fnMap":{"0":{"name":"App","decl":{"start":{"line":6,"column":9},"end":{"line":6,"column":12}},"loc":{"start":{"line":6,"column":15},"end":{"line":15,"column":1}},"line":6}},"branchMap":{},"s":{"0":1},"f":{"0":1},"b":{},"_coverageSchema":"1a1c01bbd47fc00a2c39e90264f33305004495a9","hash":"17521d6da2f30a22a362c011c4cb770e48bbc7d1"}
,"/home/developer/Documents/NewFolder/react-assignment/src/components/ProductForm.js": {"path":"/home/developer/Documents/NewFolder/react-assignment/src/components/ProductForm.js","statementMap":{"0":{"start":{"line":6,"column":4},"end":{"line":6,"column":17}},"1":{"start":{"line":7,"column":4},"end":{"line":9,"column":6}},"2":{"start":{"line":12,"column":22},"end":{"line":14,"column":3}},"3":{"start":{"line":13,"column":4},"end":{"line":13,"column":54}},"4":{"start":{"line":16,"column":21},"end":{"line":21,"column":3}},"5":{"start":{"line":17,"column":27},"end":{"line":17,"column":37}},"6":{"start":{"line":18,"column":31},"end":{"line":18,"column":41}},"7":{"start":{"line":19,"column":4},"end":{"line":19,"column":48}},"8":{"start":{"line":20,"column":4},"end":{"line":20,"column":42}},"9":{"start":{"line":24,"column":25},"end":{"line":24,"column":35}},"10":{"start":{"line":25,"column":31},"end":{"line":25,"column":41}},"11":{"start":{"line":27,"column":4},"end":{"line":55,"column":6}},"12":{"start":{"line":45,"column":14},"end":{"line":47,"column":19}},"13":{"start":{"line":59,"column":24},"end":{"line":61,"column":2}},"14":{"start":{"line":59,"column":36},"end":{"line":61,"column":1}},"15":{"start":{"line":63,"column":27},"end":{"line":65,"column":2}},"16":{"start":{"line":63,"column":42},"end":{"line":65,"column":1}},"17":{"start":{"line":64,"column":27},"end":{"line":64,"column":84}},"18":{"start":{"line":69,"column":15},"end":{"line":114,"column":1}}},"fnMap":{"0":{"name":"(anonymous_0)","decl":{"start":{"line":5,"column":2},"end":{"line":5,"column":3}},"loc":{"start":{"line":5,"column":21},"end":{"line":10,"column":3}},"line":5},"1":{"name":"(anonymous_1)","decl":{"start":{"line":12,"column":22},"end":{"line":12,"column":23}},"loc":{"start":{"line":12,"column":29},"end":{"line":14,"column":3}},"line":12},"2":{"name":"(anonymous_2)","decl":{"start":{"line":16,"column":21},"end":{"line":16,"column":22}},"loc":{"start":{"line":16,"column":27},"end":{"line":21,"column":3}},"line":16},"3":{"name":"(anonymous_3)","decl":{"start":{"line":23,"column":2},"end":{"line":23,"column":3}},"loc":{"start":{"line":23,"column":11},"end":{"line":56,"column":3}},"line":23},"4":{"name":"(anonymous_4)","decl":{"start":{"line":44,"column":26},"end":{"line":44,"column":27}},"loc":{"start":{"line":45,"column":14},"end":{"line":47,"column":19}},"line":45},"5":{"name":"(anonymous_5)","decl":{"start":{"line":59,"column":24},"end":{"line":59,"column":25}},"loc":{"start":{"line":59,"column":36},"end":{"line":61,"column":1}},"line":59},"6":{"name":"(anonymous_6)","decl":{"start":{"line":63,"column":27},"end":{"line":63,"column":28}},"loc":{"start":{"line":63,"column":42},"end":{"line":65,"column":1}},"line":63},"7":{"name":"(anonymous_7)","decl":{"start":{"line":64,"column":14},"end":{"line":64,"column":15}},"loc":{"start":{"line":64,"column":27},"end":{"line":64,"column":84}},"line":64}},"branchMap":{},"s":{"0":3,"1":3,"2":3,"3":1,"4":3,"5":1,"6":1,"7":1,"8":1,"9":5,"10":5,"11":5,"12":2,"13":3,"14":3,"15":3,"16":3,"17":1,"18":3},"f":{"0":3,"1":1,"2":1,"3":5,"4":2,"5":3,"6":3,"7":1},"b":{},"_coverageSchema":"1a1c01bbd47fc00a2c39e90264f33305004495a9","hash":"f13294140a843ea5308010dd73590c91842192cf"}
,"/home/developer/Documents/NewFolder/react-assignment/src/redux/reducer/products.js": {"path":"/home/developer/Documents/NewFolder/react-assignment/src/redux/reducer/products.js","statementMap":{"0":{"start":{"line":1,"column":21},"end":{"line":3,"column":3}},"1":{"start":{"line":5,"column":26},"end":{"line":15,"column":3}},"2":{"start":{"line":6,"column":4},"end":{"line":14,"column":5}},"3":{"start":{"line":8,"column":8},"end":{"line":11,"column":10}},"4":{"start":{"line":13,"column":8},"end":{"line":13,"column":21}}},"fnMap":{"0":{"name":"(anonymous_0)","decl":{"start":{"line":5,"column":26},"end":{"line":5,"column":27}},"loc":{"start":{"line":5,"column":60},"end":{"line":15,"column":3}},"line":5}},"branchMap":{"0":{"loc":{"start":{"line":5,"column":27},"end":{"line":5,"column":47}},"type":"default-arg","locations":[{"start":{"line":5,"column":35},"end":{"line":5,"column":47}}],"line":5},"1":{"loc":{"start":{"line":6,"column":4},"end":{"line":14,"column":5}},"type":"switch","locations":[{"start":{"line":7,"column":6},"end":{"line":11,"column":10}},{"start":{"line":12,"column":6},"end":{"line":13,"column":21}}],"line":6}},"s":{"0":3,"1":3,"2":9,"3":1,"4":8},"f":{"0":9},"b":{"0":[7],"1":[1,8]},"_coverageSchema":"1a1c01bbd47fc00a2c39e90264f33305004495a9","hash":"53d37b9f202963540cbdec428d55a66f6e7e53c5"}
}
