{"/home/developer/Documents/testApp/my-react-app/src/App.js": {"path":"/home/developer/Documents/testApp/my-react-app/src/App.js","statementMap":{"0":{"start":{"line":7,"column":2},"end":{"line":14,"column":4}}},"fnMap":{"0":{"name":"App","decl":{"start":{"line":6,"column":9},"end":{"line":6,"column":12}},"loc":{"start":{"line":6,"column":15},"end":{"line":15,"column":1}},"line":6}},"branchMap":{},"s":{"0":1},"f":{"0":1},"b":{},"_coverageSchema":"1a1c01bbd47fc00a2c39e90264f33305004495a9","hash":"6cab94fce587892b7aa6ea95729523583714d04d"}
,"/home/developer/Documents/testApp/my-react-app/src/index.js": {"path":"/home/developer/Documents/testApp/my-react-app/src/index.js","statementMap":{"0":{"start":{"line":7,"column":0},"end":{"line":7,"column":58}}},"fnMap":{},"branchMap":{},"s":{"0":1},"f":{},"b":{},"_coverageSchema":"1a1c01bbd47fc00a2c39e90264f33305004495a9","hash":"7f0c5e498804909a44ea6d6fda05255d91bc1e88"}
,"/home/developer/Documents/testApp/my-react-app/src/components/ProductForm.js": {"path":"/home/developer/Documents/testApp/my-react-app/src/components/ProductForm.js","statementMap":{"0":{"start":{"line":6,"column":4},"end":{"line":6,"column":17}},"1":{"start":{"line":7,"column":4},"end":{"line":9,"column":6}},"2":{"start":{"line":12,"column":22},"end":{"line":14,"column":3}},"3":{"start":{"line":13,"column":4},"end":{"line":13,"column":54}},"4":{"start":{"line":16,"column":21},"end":{"line":22,"column":3}},"5":{"start":{"line":17,"column":27},"end":{"line":17,"column":37}},"6":{"start":{"line":18,"column":31},"end":{"line":18,"column":41}},"7":{"start":{"line":19,"column":4},"end":{"line":19,"column":48}},"8":{"start":{"line":20,"column":4},"end":{"line":20,"column":42}},"9":{"start":{"line":25,"column":25},"end":{"line":25,"column":35}},"10":{"start":{"line":26,"column":31},"end":{"line":26,"column":41}},"11":{"start":{"line":28,"column":4},"end":{"line":44,"column":6}},"12":{"start":{"line":40,"column":12},"end":{"line":40,"column":47}},"13":{"start":{"line":48,"column":24},"end":{"line":50,"column":2}},"14":{"start":{"line":48,"column":36},"end":{"line":50,"column":1}},"15":{"start":{"line":52,"column":27},"end":{"line":54,"column":2}},"16":{"start":{"line":52,"column":42},"end":{"line":54,"column":1}},"17":{"start":{"line":53,"column":27},"end":{"line":53,"column":84}}},"fnMap":{"0":{"name":"(anonymous_0)","decl":{"start":{"line":5,"column":2},"end":{"line":5,"column":3}},"loc":{"start":{"line":5,"column":21},"end":{"line":10,"column":3}},"line":5},"1":{"name":"(anonymous_1)","decl":{"start":{"line":12,"column":22},"end":{"line":12,"column":23}},"loc":{"start":{"line":12,"column":29},"end":{"line":14,"column":3}},"line":12},"2":{"name":"(anonymous_2)","decl":{"start":{"line":16,"column":21},"end":{"line":16,"column":22}},"loc":{"start":{"line":16,"column":27},"end":{"line":22,"column":3}},"line":16},"3":{"name":"(anonymous_3)","decl":{"start":{"line":24,"column":2},"end":{"line":24,"column":3}},"loc":{"start":{"line":24,"column":11},"end":{"line":45,"column":3}},"line":24},"4":{"name":"(anonymous_4)","decl":{"start":{"line":39,"column":24},"end":{"line":39,"column":25}},"loc":{"start":{"line":40,"column":12},"end":{"line":40,"column":47}},"line":40},"5":{"name":"(anonymous_5)","decl":{"start":{"line":48,"column":24},"end":{"line":48,"column":25}},"loc":{"start":{"line":48,"column":36},"end":{"line":50,"column":1}},"line":48},"6":{"name":"(anonymous_6)","decl":{"start":{"line":52,"column":27},"end":{"line":52,"column":28}},"loc":{"start":{"line":52,"column":42},"end":{"line":54,"column":1}},"line":52},"7":{"name":"(anonymous_7)","decl":{"start":{"line":53,"column":14},"end":{"line":53,"column":15}},"loc":{"start":{"line":53,"column":27},"end":{"line":53,"column":84}},"line":53}},"branchMap":{},"s":{"0":3,"1":3,"2":3,"3":1,"4":3,"5":1,"6":1,"7":1,"8":1,"9":5,"10":5,"11":5,"12":2,"13":3,"14":3,"15":3,"16":3,"17":1},"f":{"0":3,"1":1,"2":1,"3":5,"4":2,"5":3,"6":3,"7":1},"b":{},"_coverageSchema":"1a1c01bbd47fc00a2c39e90264f33305004495a9","hash":"1e07ea5b5d74b500136d02f1577b97f63d579798"}
,"/home/developer/Documents/testApp/my-react-app/src/redux/store.js": {"path":"/home/developer/Documents/testApp/my-react-app/src/redux/store.js","statementMap":{"0":{"start":{"line":6,"column":23},"end":{"line":6,"column":45}},"1":{"start":{"line":8,"column":14},"end":{"line":11,"column":1}},"2":{"start":{"line":13,"column":0},"end":{"line":13,"column":29}}},"fnMap":{},"branchMap":{},"s":{"0":2,"1":2,"2":2},"f":{},"b":{},"_coverageSchema":"1a1c01bbd47fc00a2c39e90264f33305004495a9","hash":"03b7717f45cb15439fc15ac83dde89cb8091a3e8"}
,"/home/developer/Documents/testApp/my-react-app/src/redux/reducer/index.js": {"path":"/home/developer/Documents/testApp/my-react-app/src/redux/reducer/index.js","statementMap":{"0":{"start":{"line":4,"column":20},"end":{"line":6,"column":2}}},"fnMap":{},"branchMap":{},"s":{"0":2},"f":{},"b":{},"_coverageSchema":"1a1c01bbd47fc00a2c39e90264f33305004495a9","hash":"ea0bec99f433e2b459b03feac081297584ee597e"}
,"/home/developer/Documents/testApp/my-react-app/src/redux/reducer/products.js": {"path":"/home/developer/Documents/testApp/my-react-app/src/redux/reducer/products.js","statementMap":{"0":{"start":{"line":1,"column":21},"end":{"line":3,"column":3}},"1":{"start":{"line":5,"column":26},"end":{"line":15,"column":3}},"2":{"start":{"line":6,"column":4},"end":{"line":14,"column":5}},"3":{"start":{"line":8,"column":8},"end":{"line":11,"column":10}},"4":{"start":{"line":13,"column":8},"end":{"line":13,"column":21}}},"fnMap":{"0":{"name":"(anonymous_0)","decl":{"start":{"line":5,"column":26},"end":{"line":5,"column":27}},"loc":{"start":{"line":5,"column":60},"end":{"line":15,"column":3}},"line":5}},"branchMap":{"0":{"loc":{"start":{"line":5,"column":27},"end":{"line":5,"column":47}},"type":"default-arg","locations":[{"start":{"line":5,"column":35},"end":{"line":5,"column":47}}],"line":5},"1":{"loc":{"start":{"line":6,"column":4},"end":{"line":14,"column":5}},"type":"switch","locations":[{"start":{"line":7,"column":6},"end":{"line":11,"column":10}},{"start":{"line":12,"column":6},"end":{"line":13,"column":21}}],"line":6}},"s":{"0":3,"1":3,"2":9,"3":1,"4":8},"f":{"0":9},"b":{"0":[7],"1":[1,8]},"_coverageSchema":"1a1c01bbd47fc00a2c39e90264f33305004495a9","hash":"c289f629168389f485fef0a9c56f30e65cae1b6c"}
,"/home/developer/Documents/testApp/my-react-app/src/redux/sagas/index.js": {"path":"/home/developer/Documents/testApp/my-react-app/src/redux/sagas/index.js","statementMap":{"0":{"start":{"line":5,"column":2},"end":{"line":7,"column":5}}},"fnMap":{"0":{"name":"rootSaga","decl":{"start":{"line":4,"column":10},"end":{"line":4,"column":18}},"loc":{"start":{"line":4,"column":21},"end":{"line":8,"column":1}},"line":4}},"branchMap":{},"s":{"0":2},"f":{"0":2},"b":{},"_coverageSchema":"1a1c01bbd47fc00a2c39e90264f33305004495a9","hash":"023180c6085baf5651aaf78f7cf060fc11a095ff"}
,"/home/developer/Documents/testApp/my-react-app/src/redux/sagas/productsSaga.js": {"path":"/home/developer/Documents/testApp/my-react-app/src/redux/sagas/productsSaga.js","statementMap":{"0":{"start":{"line":4,"column":2},"end":{"line":4,"column":62}},"1":{"start":{"line":8,"column":2},"end":{"line":8,"column":55}}},"fnMap":{"0":{"name":"addProductSaga","decl":{"start":{"line":3,"column":10},"end":{"line":3,"column":24}},"loc":{"start":{"line":3,"column":33},"end":{"line":5,"column":1}},"line":3},"1":{"name":"watchAddProduct","decl":{"start":{"line":7,"column":10},"end":{"line":7,"column":25}},"loc":{"start":{"line":7,"column":28},"end":{"line":9,"column":1}},"line":7}},"branchMap":{},"s":{"0":0,"1":2},"f":{"0":0,"1":2},"b":{},"_coverageSchema":"1a1c01bbd47fc00a2c39e90264f33305004495a9","hash":"b5d2a151aacbcbe1e716ae9833d725dd9e30a3d8"}
}
