TN:
SF:src/App.js
FN:6,App
FNF:1
FNH:1
FNDA:1,App
DA:7,1
LF:1
LH:1
BRF:0
BRH:0
end_of_record
TN:
SF:src/index.js
FNF:0
FNH:0
DA:7,1
LF:1
LH:1
BRF:0
BRH:0
end_of_record
TN:
SF:src/components/ProductForm.js
FN:5,(anonymous_0)
FN:12,(anonymous_1)
FN:16,(anonymous_2)
FN:24,(anonymous_3)
FN:39,(anonymous_4)
FN:48,(anonymous_5)
FN:52,(anonymous_6)
FN:53,(anonymous_7)
FNF:8
FNH:8
FNDA:3,(anonymous_0)
FNDA:1,(anonymous_1)
FNDA:1,(anonymous_2)
FNDA:5,(anonymous_3)
FNDA:2,(anonymous_4)
FNDA:3,(anonymous_5)
FNDA:3,(anonymous_6)
FNDA:1,(anonymous_7)
DA:6,3
DA:7,3
DA:12,3
DA:13,1
DA:16,3
DA:17,1
DA:18,1
DA:19,1
DA:20,1
DA:25,5
DA:26,5
DA:28,5
DA:40,2
DA:48,3
DA:52,3
DA:53,1
LF:16
LH:16
BRF:0
BRH:0
end_of_record
TN:
SF:src/redux/store.js
FNF:0
FNH:0
DA:6,2
DA:8,2
DA:13,2
LF:3
LH:3
BRF:0
BRH:0
end_of_record
TN:
SF:src/redux/reducer/index.js
FNF:0
FNH:0
DA:4,2
LF:1
LH:1
BRF:0
BRH:0
end_of_record
TN:
SF:src/redux/reducer/products.js
FN:5,(anonymous_0)
FNF:1
FNH:1
FNDA:9,(anonymous_0)
DA:1,3
DA:5,3
DA:6,9
DA:8,1
DA:13,8
LF:5
LH:5
BRDA:5,0,0,7
BRDA:6,1,0,1
BRDA:6,1,1,8
BRF:3
BRH:3
end_of_record
TN:
SF:src/redux/sagas/index.js
FN:4,rootSaga
FNF:1
FNH:1
FNDA:2,rootSaga
DA:5,2
LF:1
LH:1
BRF:0
BRH:0
end_of_record
TN:
SF:src/redux/sagas/productsSaga.js
FN:3,addProductSaga
FN:7,watchAddProduct
FNF:2
FNH:1
FNDA:0,addProductSaga
FNDA:2,watchAddProduct
DA:4,0
DA:8,2
LF:2
LH:1
BRF:0
BRH:0
end_of_record
