TN:
SF:src/App.js
FN:6,App
FNF:1
FNH:1
FNDA:1,App
DA:7,1
LF:1
LH:1
BRF:0
BRH:0
end_of_record
TN:
SF:src/components/ProductForm.js
FN:5,(anonymous_0)
FN:12,(anonymous_1)
FN:16,(anonymous_2)
FN:23,(anonymous_3)
FN:44,(anonymous_4)
FN:59,(anonymous_5)
FN:63,(anonymous_6)
FN:64,(anonymous_7)
FNF:8
FNH:8
FNDA:3,(anonymous_0)
FNDA:1,(anonymous_1)
FNDA:1,(anonymous_2)
FNDA:5,(anonymous_3)
FNDA:2,(anonymous_4)
FNDA:3,(anonymous_5)
FNDA:3,(anonymous_6)
FNDA:1,(anonymous_7)
DA:6,3
DA:7,3
DA:12,3
DA:13,1
DA:16,3
DA:17,1
DA:18,1
DA:19,1
DA:20,1
DA:24,5
DA:25,5
DA:27,5
DA:45,2
DA:59,3
DA:63,3
DA:64,1
DA:69,3
LF:17
LH:17
BRF:0
BRH:0
end_of_record
TN:
SF:src/redux/reducer/products.js
FN:5,(anonymous_0)
FNF:1
FNH:1
FNDA:9,(anonymous_0)
DA:1,3
DA:5,3
DA:6,9
DA:8,1
DA:13,8
LF:5
LH:5
BRDA:5,0,0,7
BRDA:6,1,0,1
BRDA:6,1,1,8
BRF:3
BRH:3
end_of_record
